<?xml version="1.0" encoding="UTF-8"?>
<testsuite name="FuncTest" tests="1" skipped="0" failures="0" errors="0" timestamp="2017-02-23T20:36:13" hostname="Stepan-ПК" time="11.259">
  <properties/>
  <testcase name="testMethod" classname="FuncTest" time="11.259"/>
  <system-out><![CDATA[]]></system-out>
  <system-err><![CDATA[]]></system-err>
</testsuite>
